<?xml version="1.0" encoding="UTF-8"?>
<!-- Generated by org.testng.reporters.JUnitReportReporter -->
<testsuite hostname="LakshmananSelva" failures="0" tests="2" name="pac_1.ContactTest" time="0.014" errors="0" timestamp="2025-03-28T14:20:21 IST" skipped="0">
  <testcase classname="pac_1.ContactTest" name="createcontacttest" time="0.010"/>
  <testcase classname="pac_1.ContactTest" name="modifycontacttest" time="0.004"/>
</testsuite> <!-- pac_1.ContactTest -->
