<?xml version="1.0" encoding="UTF-8"?>
<!-- Generated by org.testng.reporters.JUnitReportReporter -->
<testsuite hostname="LakshmananSelva" failures="0" tests="2" name="pac_2.OrgTest" time="0.013" errors="0" timestamp="2025-04-05T12:22:12 IST" skipped="0">
  <testcase classname="pac_2.OrgTest" name="createOrgtest" time="0.011"/>
  <testcase classname="pac_2.OrgTest" name="modifyOrgtest" time="0.002"/>
</testsuite> <!-- pac_2.OrgTest -->
