<?xml version="1.0" encoding="UTF-8"?>
<!-- Generated by org.testng.reporters.JUnitReportReporter -->
<testsuite hostname="LakshmananSelva" failures="0" tests="3" name="pac_1.ContactTest" time="0.007" errors="0" timestamp="2025-04-05T12:22:12 IST" skipped="0">
  <testcase classname="pac_1.ContactTest" name="createcontacttest" time="0.002"/>
  <testcase classname="pac_1.ContactTest" name="deletecontacttest" time="0.001"/>
  <testcase classname="pac_1.ContactTest" name="modifycontacttest" time="0.004"/>
</testsuite> <!-- pac_1.ContactTest -->
